[2023-09-26T07:05:25.424+0000] {manager.py:480} INFO - Processing files using up to 2 processes at a time 
[2023-09-26T07:05:25.432+0000] {manager.py:481} INFO - Process each file at most once every 30 seconds
[2023-09-26T07:05:25.434+0000] {manager.py:483} INFO - Checking for new files in /opt/airflow/dags every 300 seconds
[2023-09-26T07:05:25.435+0000] {manager.py:709} INFO - Searching for files in /opt/airflow/dags
[2023-09-26T07:05:25.491+0000] {manager.py:712} INFO - There are 2 files in /opt/airflow/dags
[2023-09-26T07:05:25.541+0000] {manager.py:828} INFO - 
================================================================================
DAG File Processing Stats

File Path                       PID  Runtime      # DAGs    # Errors  Last Runtime    Last Run
----------------------------  -----  ---------  --------  ----------  --------------  ----------
/opt/airflow/dags/pg2es.py      185  0.02s             0           0
/opt/airflow/dags/test_es.py    188  0.01s             0           0
================================================================================
[2023-09-26T07:05:55.659+0000] {manager.py:828} INFO - 
================================================================================
DAG File Processing Stats

File Path                     PID    Runtime      # DAGs    # Errors  Last Runtime    Last Run
----------------------------  -----  ---------  --------  ----------  --------------  -------------------
/opt/airflow/dags/pg2es.py                             1           0  0.61s           2023-09-26T07:05:26
/opt/airflow/dags/test_es.py                           1           0  0.60s           2023-09-26T07:05:26
================================================================================
[2023-09-26T07:06:25.793+0000] {manager.py:828} INFO - 
================================================================================
DAG File Processing Stats

File Path                     PID    Runtime      # DAGs    # Errors  Last Runtime    Last Run
----------------------------  -----  ---------  --------  ----------  --------------  -------------------
/opt/airflow/dags/pg2es.py                             1           0  0.63s           2023-09-26T07:05:56
/opt/airflow/dags/test_es.py                           1           0  0.61s           2023-09-26T07:05:56
================================================================================
[2023-09-26T07:06:56.223+0000] {manager.py:828} INFO - 
================================================================================
DAG File Processing Stats

File Path                     PID    Runtime      # DAGs    # Errors  Last Runtime    Last Run
----------------------------  -----  ---------  --------  ----------  --------------  -------------------
/opt/airflow/dags/pg2es.py                             1           0  0.43s           2023-09-26T07:06:27
/opt/airflow/dags/test_es.py                           1           0  0.41s           2023-09-26T07:06:27
================================================================================
[2023-09-26T07:07:26.765+0000] {manager.py:828} INFO - 
================================================================================
DAG File Processing Stats

File Path                     PID    Runtime      # DAGs    # Errors  Last Runtime    Last Run
----------------------------  -----  ---------  --------  ----------  --------------  -------------------
/opt/airflow/dags/pg2es.py                             1           0  0.42s           2023-09-26T07:06:58
/opt/airflow/dags/test_es.py                           1           0  0.40s           2023-09-26T07:06:58
================================================================================
[2023-09-26T07:07:56.896+0000] {manager.py:828} INFO - 
================================================================================
DAG File Processing Stats

File Path                     PID    Runtime      # DAGs    # Errors  Last Runtime    Last Run
----------------------------  -----  ---------  --------  ----------  --------------  -------------------
/opt/airflow/dags/pg2es.py                             1           0  0.58s           2023-09-26T07:07:28
/opt/airflow/dags/test_es.py                           1           0  0.53s           2023-09-26T07:07:28
================================================================================
[2023-09-26T07:08:27.617+0000] {manager.py:828} INFO - 
================================================================================
DAG File Processing Stats

File Path                     PID    Runtime      # DAGs    # Errors  Last Runtime    Last Run
----------------------------  -----  ---------  --------  ----------  --------------  -------------------
/opt/airflow/dags/pg2es.py                             1           0  0.29s           2023-09-26T07:07:59
/opt/airflow/dags/test_es.py                           1           0  0.28s           2023-09-26T07:07:59
================================================================================
[2023-09-26T07:08:58.406+0000] {manager.py:828} INFO - 
================================================================================
DAG File Processing Stats

File Path                     PID    Runtime      # DAGs    # Errors  Last Runtime    Last Run
----------------------------  -----  ---------  --------  ----------  --------------  -------------------
/opt/airflow/dags/pg2es.py                             1           0  0.60s           2023-09-26T07:08:30
/opt/airflow/dags/test_es.py                           1           0  0.56s           2023-09-26T07:08:30
================================================================================
[2023-09-26T07:09:28.608+0000] {manager.py:828} INFO - 
================================================================================
DAG File Processing Stats

File Path                     PID    Runtime      # DAGs    # Errors  Last Runtime    Last Run
----------------------------  -----  ---------  --------  ----------  --------------  -------------------
/opt/airflow/dags/pg2es.py                             1           0  0.60s           2023-09-26T07:09:01
/opt/airflow/dags/test_es.py                           1           0  0.58s           2023-09-26T07:09:01
================================================================================
[2023-09-26T07:09:58.758+0000] {manager.py:828} INFO - 
================================================================================
DAG File Processing Stats

File Path                     PID    Runtime      # DAGs    # Errors  Last Runtime    Last Run
----------------------------  -----  ---------  --------  ----------  --------------  -------------------
/opt/airflow/dags/pg2es.py                             1           0  0.62s           2023-09-26T07:09:31
/opt/airflow/dags/test_es.py                           1           0  0.58s           2023-09-26T07:09:31
================================================================================
[2023-09-26T07:10:25.673+0000] {manager.py:709} INFO - Searching for files in /opt/airflow/dags
[2023-09-26T07:10:25.729+0000] {manager.py:712} INFO - There are 2 files in /opt/airflow/dags
[2023-09-26T07:10:29.106+0000] {manager.py:828} INFO - 
================================================================================
DAG File Processing Stats

File Path                     PID    Runtime      # DAGs    # Errors  Last Runtime    Last Run
----------------------------  -----  ---------  --------  ----------  --------------  -------------------
/opt/airflow/dags/pg2es.py                             1           0  0.63s           2023-09-26T07:10:02
/opt/airflow/dags/test_es.py                           1           0  0.59s           2023-09-26T07:10:02
================================================================================
[2023-09-26T07:10:59.269+0000] {manager.py:828} INFO - 
================================================================================
DAG File Processing Stats

File Path                     PID    Runtime      # DAGs    # Errors  Last Runtime    Last Run
----------------------------  -----  ---------  --------  ----------  --------------  -------------------
/opt/airflow/dags/pg2es.py                             1           0  0.64s           2023-09-26T07:10:33
/opt/airflow/dags/test_es.py                           1           0  0.62s           2023-09-26T07:10:33
================================================================================
[2023-09-26T07:11:29.399+0000] {manager.py:828} INFO - 
================================================================================
DAG File Processing Stats

File Path                     PID    Runtime      # DAGs    # Errors  Last Runtime    Last Run
----------------------------  -----  ---------  --------  ----------  --------------  -------------------
/opt/airflow/dags/pg2es.py                             1           0  0.64s           2023-09-26T07:11:04
/opt/airflow/dags/test_es.py                           1           0  0.62s           2023-09-26T07:11:17
================================================================================
[2023-09-26T07:12:00.149+0000] {manager.py:828} INFO - 
================================================================================
DAG File Processing Stats

File Path                     PID    Runtime      # DAGs    # Errors  Last Runtime    Last Run
----------------------------  -----  ---------  --------  ----------  --------------  -------------------
/opt/airflow/dags/pg2es.py                             1           0  0.58s           2023-09-26T07:11:35
/opt/airflow/dags/test_es.py                           1           0  0.55s           2023-09-26T07:11:48
================================================================================
[2023-09-26T07:12:30.901+0000] {manager.py:828} INFO - 
================================================================================
DAG File Processing Stats

File Path                     PID    Runtime      # DAGs    # Errors  Last Runtime    Last Run
----------------------------  -----  ---------  --------  ----------  --------------  -------------------
/opt/airflow/dags/pg2es.py                             1           0  0.57s           2023-09-26T07:12:05
/opt/airflow/dags/test_es.py                           1           0  0.60s           2023-09-26T07:12:18
================================================================================
[2023-09-26T07:13:01.101+0000] {manager.py:828} INFO - 
================================================================================
DAG File Processing Stats

File Path                     PID    Runtime      # DAGs    # Errors  Last Runtime    Last Run
----------------------------  -----  ---------  --------  ----------  --------------  -------------------
/opt/airflow/dags/pg2es.py                             1           0  0.55s           2023-09-26T07:12:36
/opt/airflow/dags/test_es.py                           1           0  0.52s           2023-09-26T07:12:49
================================================================================
[2023-09-26T07:13:31.354+0000] {manager.py:828} INFO - 
================================================================================
DAG File Processing Stats

File Path                     PID    Runtime      # DAGs    # Errors  Last Runtime    Last Run
----------------------------  -----  ---------  --------  ----------  --------------  -------------------
/opt/airflow/dags/pg2es.py                             1           0  0.60s           2023-09-26T07:13:07
/opt/airflow/dags/test_es.py                           1           0  0.57s           2023-09-26T07:13:20
================================================================================
[2023-09-26T07:14:01.606+0000] {manager.py:828} INFO - 
================================================================================
DAG File Processing Stats

File Path                     PID    Runtime      # DAGs    # Errors  Last Runtime    Last Run
----------------------------  -----  ---------  --------  ----------  --------------  -------------------
/opt/airflow/dags/pg2es.py                             1           0  0.65s           2023-09-26T07:13:38
/opt/airflow/dags/test_es.py                           1           0  0.61s           2023-09-26T07:13:51
================================================================================
[2023-09-26T07:14:31.901+0000] {manager.py:828} INFO - 
================================================================================
DAG File Processing Stats

File Path                     PID    Runtime      # DAGs    # Errors  Last Runtime    Last Run
----------------------------  -----  ---------  --------  ----------  --------------  -------------------
/opt/airflow/dags/pg2es.py                             1           0  0.59s           2023-09-26T07:14:08
/opt/airflow/dags/test_es.py                           1           0  0.55s           2023-09-26T07:14:22
================================================================================
[2023-09-26T07:15:02.079+0000] {manager.py:828} INFO - 
================================================================================
DAG File Processing Stats

File Path                     PID    Runtime      # DAGs    # Errors  Last Runtime    Last Run
----------------------------  -----  ---------  --------  ----------  --------------  -------------------
/opt/airflow/dags/pg2es.py                             1           0  0.56s           2023-09-26T07:14:39
/opt/airflow/dags/test_es.py                           1           0  0.59s           2023-09-26T07:14:53
================================================================================
[2023-09-26T07:15:25.746+0000] {manager.py:709} INFO - Searching for files in /opt/airflow/dags
[2023-09-26T07:15:25.793+0000] {manager.py:712} INFO - There are 2 files in /opt/airflow/dags
[2023-09-26T07:15:32.366+0000] {manager.py:828} INFO - 
================================================================================
DAG File Processing Stats

File Path                     PID    Runtime      # DAGs    # Errors  Last Runtime    Last Run
----------------------------  -----  ---------  --------  ----------  --------------  -------------------
/opt/airflow/dags/pg2es.py                             1           0  0.60s           2023-09-26T07:15:10
/opt/airflow/dags/test_es.py                           1           0  0.56s           2023-09-26T07:15:23
================================================================================
[2023-09-26T07:16:02.548+0000] {manager.py:828} INFO - 
================================================================================
DAG File Processing Stats

File Path                     PID    Runtime      # DAGs    # Errors  Last Runtime    Last Run
----------------------------  -----  ---------  --------  ----------  --------------  -------------------
/opt/airflow/dags/pg2es.py                             1           0  0.57s           2023-09-26T07:15:40
/opt/airflow/dags/test_es.py                           1           0  0.54s           2023-09-26T07:15:54
================================================================================
[2023-09-26T07:16:32.835+0000] {manager.py:828} INFO - 
================================================================================
DAG File Processing Stats

File Path                     PID    Runtime      # DAGs    # Errors  Last Runtime    Last Run
----------------------------  -----  ---------  --------  ----------  --------------  -------------------
/opt/airflow/dags/pg2es.py                             1           0  0.61s           2023-09-26T07:16:11
/opt/airflow/dags/test_es.py                           1           0  0.44s           2023-09-26T07:16:25
================================================================================
[2023-09-26T07:17:02.954+0000] {manager.py:828} INFO - 
================================================================================
DAG File Processing Stats

File Path                     PID    Runtime      # DAGs    # Errors  Last Runtime    Last Run
----------------------------  -----  ---------  --------  ----------  --------------  -------------------
/opt/airflow/dags/pg2es.py                             1           0  0.61s           2023-09-26T07:16:42
/opt/airflow/dags/test_es.py                           1           0  0.61s           2023-09-26T07:16:55
================================================================================
[2023-09-26T07:17:33.537+0000] {manager.py:828} INFO - 
================================================================================
DAG File Processing Stats

File Path                     PID    Runtime      # DAGs    # Errors  Last Runtime    Last Run
----------------------------  -----  ---------  --------  ----------  --------------  -------------------
/opt/airflow/dags/pg2es.py                             1           0  0.77s           2023-09-26T07:17:13
/opt/airflow/dags/test_es.py                           1           0  0.61s           2023-09-26T07:17:26
================================================================================
[2023-09-26T07:18:04.298+0000] {manager.py:828} INFO - 
================================================================================
DAG File Processing Stats

File Path                     PID    Runtime      # DAGs    # Errors  Last Runtime    Last Run
----------------------------  -----  ---------  --------  ----------  --------------  -------------------
/opt/airflow/dags/pg2es.py                             1           0  0.60s           2023-09-26T07:17:44
/opt/airflow/dags/test_es.py                           1           0  0.61s           2023-09-26T07:17:57
================================================================================
[2023-09-26T07:18:35.086+0000] {manager.py:828} INFO - 
================================================================================
DAG File Processing Stats

File Path                     PID    Runtime      # DAGs    # Errors  Last Runtime    Last Run
----------------------------  -----  ---------  --------  ----------  --------------  -------------------
/opt/airflow/dags/pg2es.py                             1           0  0.63s           2023-09-26T07:18:14
/opt/airflow/dags/test_es.py                           1           0  0.58s           2023-09-26T07:18:28
================================================================================
[2023-09-26T07:19:05.871+0000] {manager.py:828} INFO - 
================================================================================
DAG File Processing Stats

File Path                     PID    Runtime      # DAGs    # Errors  Last Runtime    Last Run
----------------------------  -----  ---------  --------  ----------  --------------  -------------------
/opt/airflow/dags/pg2es.py                             1           0  0.61s           2023-09-26T07:18:45
/opt/airflow/dags/test_es.py                           1           0  0.60s           2023-09-26T07:18:58
================================================================================
[2023-09-26T07:19:36.665+0000] {manager.py:828} INFO - 
================================================================================
DAG File Processing Stats

File Path                     PID    Runtime      # DAGs    # Errors  Last Runtime    Last Run
----------------------------  -----  ---------  --------  ----------  --------------  -------------------
/opt/airflow/dags/pg2es.py                             1           0  0.61s           2023-09-26T07:19:16
/opt/airflow/dags/test_es.py                           1           0  0.57s           2023-09-26T07:19:29
================================================================================
[2023-09-26T07:20:07.451+0000] {manager.py:828} INFO - 
================================================================================
DAG File Processing Stats

File Path                     PID    Runtime      # DAGs    # Errors  Last Runtime    Last Run
----------------------------  -----  ---------  --------  ----------  --------------  -------------------
/opt/airflow/dags/pg2es.py                             1           0  0.60s           2023-09-26T07:19:47
/opt/airflow/dags/test_es.py                           1           0  0.61s           2023-09-26T07:20:00
================================================================================
[2023-09-26T07:20:26.200+0000] {manager.py:709} INFO - Searching for files in /opt/airflow/dags
[2023-09-26T07:20:26.265+0000] {manager.py:712} INFO - There are 2 files in /opt/airflow/dags
[2023-09-26T07:20:37.752+0000] {manager.py:828} INFO - 
================================================================================
DAG File Processing Stats

File Path                     PID    Runtime      # DAGs    # Errors  Last Runtime    Last Run
----------------------------  -----  ---------  --------  ----------  --------------  -------------------
/opt/airflow/dags/pg2es.py                             1           0  0.62s           2023-09-26T07:20:18
/opt/airflow/dags/test_es.py                           1           0  0.63s           2023-09-26T07:20:31
================================================================================
[2023-09-26T07:21:07.991+0000] {manager.py:828} INFO - 
================================================================================
DAG File Processing Stats

File Path                     PID    Runtime      # DAGs    # Errors  Last Runtime    Last Run
----------------------------  -----  ---------  --------  ----------  --------------  -------------------
/opt/airflow/dags/pg2es.py                             1           0  0.58s           2023-09-26T07:20:48
/opt/airflow/dags/test_es.py                           1           0  0.56s           2023-09-26T07:21:02
================================================================================
[2023-09-26T07:21:38.253+0000] {manager.py:828} INFO - 
================================================================================
DAG File Processing Stats

File Path                     PID    Runtime      # DAGs    # Errors  Last Runtime    Last Run
----------------------------  -----  ---------  --------  ----------  --------------  -------------------
/opt/airflow/dags/pg2es.py                             1           0  0.64s           2023-09-26T07:21:19
/opt/airflow/dags/test_es.py                           1           0  0.64s           2023-09-26T07:21:33
================================================================================
[2023-09-26T07:22:08.548+0000] {manager.py:828} INFO - 
================================================================================
DAG File Processing Stats

File Path                     PID    Runtime      # DAGs    # Errors  Last Runtime    Last Run
----------------------------  -----  ---------  --------  ----------  --------------  -------------------
/opt/airflow/dags/pg2es.py                             1           0  0.64s           2023-09-26T07:21:50
/opt/airflow/dags/test_es.py                           1           0  0.64s           2023-09-26T07:22:04
================================================================================
[2023-09-26T07:22:38.896+0000] {manager.py:828} INFO - 
================================================================================
DAG File Processing Stats

File Path                     PID    Runtime      # DAGs    # Errors  Last Runtime    Last Run
----------------------------  -----  ---------  --------  ----------  --------------  -------------------
/opt/airflow/dags/pg2es.py                             1           0  0.62s           2023-09-26T07:22:21
/opt/airflow/dags/test_es.py                           1           0  0.60s           2023-09-26T07:22:34
================================================================================
[2023-09-26T07:23:09.209+0000] {manager.py:828} INFO - 
================================================================================
DAG File Processing Stats

File Path                     PID    Runtime      # DAGs    # Errors  Last Runtime    Last Run
----------------------------  -----  ---------  --------  ----------  --------------  -------------------
/opt/airflow/dags/pg2es.py                             1           0  0.73s           2023-09-26T07:22:52
/opt/airflow/dags/test_es.py                           1           0  0.58s           2023-09-26T07:23:05
================================================================================
[2023-09-26T07:23:39.829+0000] {manager.py:828} INFO - 
================================================================================
DAG File Processing Stats

File Path                     PID    Runtime      # DAGs    # Errors  Last Runtime    Last Run
----------------------------  -----  ---------  --------  ----------  --------------  -------------------
/opt/airflow/dags/pg2es.py                             1           0  0.63s           2023-09-26T07:23:22
/opt/airflow/dags/test_es.py                           1           0  1.00s           2023-09-26T07:23:36
================================================================================
[2023-09-26T07:24:10.214+0000] {manager.py:828} INFO - 
================================================================================
DAG File Processing Stats

File Path                     PID    Runtime      # DAGs    # Errors  Last Runtime    Last Run
----------------------------  -----  ---------  --------  ----------  --------------  -------------------
/opt/airflow/dags/pg2es.py                             1           0  0.60s           2023-09-26T07:23:53
/opt/airflow/dags/test_es.py                           1           0  0.56s           2023-09-26T07:24:07
================================================================================
[2023-09-26T07:24:40.593+0000] {manager.py:828} INFO - 
================================================================================
DAG File Processing Stats

File Path                     PID    Runtime      # DAGs    # Errors  Last Runtime    Last Run
----------------------------  -----  ---------  --------  ----------  --------------  -------------------
/opt/airflow/dags/pg2es.py                             1           0  0.73s           2023-09-26T07:24:24
/opt/airflow/dags/test_es.py                           1           0  0.68s           2023-09-26T07:24:39
================================================================================
[2023-09-26T07:25:10.926+0000] {manager.py:828} INFO - 
================================================================================
DAG File Processing Stats

File Path                     PID    Runtime      # DAGs    # Errors  Last Runtime    Last Run
----------------------------  -----  ---------  --------  ----------  --------------  -------------------
/opt/airflow/dags/pg2es.py                             1           0  0.66s           2023-09-26T07:24:55
/opt/airflow/dags/test_es.py                           1           0  0.70s           2023-09-26T07:25:09
================================================================================
[2023-09-26T07:25:27.025+0000] {manager.py:709} INFO - Searching for files in /opt/airflow/dags
[2023-09-26T07:25:27.076+0000] {manager.py:712} INFO - There are 2 files in /opt/airflow/dags
[2023-09-26T07:25:41.225+0000] {manager.py:828} INFO - 
================================================================================
DAG File Processing Stats

File Path                     PID    Runtime      # DAGs    # Errors  Last Runtime    Last Run
----------------------------  -----  ---------  --------  ----------  --------------  -------------------
/opt/airflow/dags/pg2es.py                             1           0  0.66s           2023-09-26T07:25:26
/opt/airflow/dags/test_es.py                           1           0  0.65s           2023-09-26T07:25:40
================================================================================
[2023-09-26T07:26:11.379+0000] {manager.py:828} INFO - 
================================================================================
DAG File Processing Stats

File Path                       PID  Runtime      # DAGs    # Errors  Last Runtime    Last Run
----------------------------  -----  ---------  --------  ----------  --------------  -------------------
/opt/airflow/dags/pg2es.py                             1           0  0.58s           2023-09-26T07:25:56
/opt/airflow/dags/test_es.py    737  0.42s             1           0  0.65s           2023-09-26T07:25:40
================================================================================
[2023-09-26T07:26:41.708+0000] {manager.py:828} INFO - 
================================================================================
DAG File Processing Stats

File Path                       PID  Runtime      # DAGs    # Errors  Last Runtime    Last Run
----------------------------  -----  ---------  --------  ----------  --------------  -------------------
/opt/airflow/dags/pg2es.py                             1           0  0.70s           2023-09-26T07:26:28
/opt/airflow/dags/test_es.py    749  0.03s             1           0  0.60s           2023-09-26T07:26:11
================================================================================
[2023-09-26T07:27:12.118+0000] {manager.py:828} INFO - 
================================================================================
DAG File Processing Stats

File Path                     PID    Runtime      # DAGs    # Errors  Last Runtime    Last Run
----------------------------  -----  ---------  --------  ----------  --------------  -------------------
/opt/airflow/dags/pg2es.py                             1           0  0.65s           2023-09-26T07:26:59
/opt/airflow/dags/test_es.py                           1           0  0.71s           2023-09-26T07:26:42
================================================================================
[2023-09-26T07:27:42.393+0000] {manager.py:828} INFO - 
================================================================================
DAG File Processing Stats

File Path                     PID    Runtime      # DAGs    # Errors  Last Runtime    Last Run
----------------------------  -----  ---------  --------  ----------  --------------  -------------------
/opt/airflow/dags/pg2es.py                             1           0  0.75s           2023-09-26T07:27:29
/opt/airflow/dags/test_es.py                           1           0  0.71s           2023-09-26T07:27:13
================================================================================
[2023-09-26T07:28:12.646+0000] {manager.py:828} INFO - 
================================================================================
DAG File Processing Stats

File Path                     PID    Runtime      # DAGs    # Errors  Last Runtime    Last Run
----------------------------  -----  ---------  --------  ----------  --------------  -------------------
/opt/airflow/dags/pg2es.py                             1           0  0.64s           2023-09-26T07:28:00
/opt/airflow/dags/test_es.py                           1           0  0.59s           2023-09-26T07:27:44
================================================================================
[2023-09-26T07:28:42.891+0000] {manager.py:828} INFO - 
================================================================================
DAG File Processing Stats

File Path                     PID    Runtime      # DAGs    # Errors  Last Runtime    Last Run
----------------------------  -----  ---------  --------  ----------  --------------  -------------------
/opt/airflow/dags/pg2es.py                             1           0  0.61s           2023-09-26T07:28:31
/opt/airflow/dags/test_es.py                           1           0  0.70s           2023-09-26T07:28:15
================================================================================
[2023-09-26T07:29:13.394+0000] {manager.py:828} INFO - 
================================================================================
DAG File Processing Stats

File Path                     PID    Runtime      # DAGs    # Errors  Last Runtime    Last Run
----------------------------  -----  ---------  --------  ----------  --------------  -------------------
/opt/airflow/dags/pg2es.py                             1           0  0.65s           2023-09-26T07:29:02
/opt/airflow/dags/test_es.py                           1           0  0.70s           2023-09-26T07:28:46
================================================================================
[2023-09-26T07:29:43.453+0000] {manager.py:828} INFO - 
================================================================================
DAG File Processing Stats

File Path                     PID    Runtime      # DAGs    # Errors  Last Runtime    Last Run
----------------------------  -----  ---------  --------  ----------  --------------  -------------------
/opt/airflow/dags/pg2es.py                             1           0  0.61s           2023-09-26T07:29:33
/opt/airflow/dags/test_es.py                           1           0  0.76s           2023-09-26T07:29:17
================================================================================
[2023-09-26T07:30:14.176+0000] {manager.py:828} INFO - 
================================================================================
DAG File Processing Stats

File Path                     PID    Runtime      # DAGs    # Errors  Last Runtime    Last Run
----------------------------  -----  ---------  --------  ----------  --------------  -------------------
/opt/airflow/dags/pg2es.py                             1           0  0.63s           2023-09-26T07:30:04
/opt/airflow/dags/test_es.py                           1           0  0.64s           2023-09-26T07:29:48
================================================================================
[2023-09-26T07:30:27.308+0000] {manager.py:709} INFO - Searching for files in /opt/airflow/dags
[2023-09-26T07:30:27.365+0000] {manager.py:712} INFO - There are 2 files in /opt/airflow/dags
[2023-09-26T07:30:44.972+0000] {manager.py:828} INFO - 
================================================================================
DAG File Processing Stats

File Path                     PID    Runtime      # DAGs    # Errors  Last Runtime    Last Run
----------------------------  -----  ---------  --------  ----------  --------------  -------------------
/opt/airflow/dags/pg2es.py                             1           0  0.61s           2023-09-26T07:30:35
/opt/airflow/dags/test_es.py                           1           0  0.63s           2023-09-26T07:30:18
================================================================================
[2023-09-26T07:31:15.789+0000] {manager.py:828} INFO - 
================================================================================
DAG File Processing Stats

File Path                     PID    Runtime      # DAGs    # Errors  Last Runtime    Last Run
----------------------------  -----  ---------  --------  ----------  --------------  -------------------
/opt/airflow/dags/pg2es.py                             1           0  0.59s           2023-09-26T07:31:05
/opt/airflow/dags/test_es.py                           1           0  0.63s           2023-09-26T07:30:49
================================================================================
[2023-09-26T07:31:46.024+0000] {manager.py:828} INFO - 
================================================================================
DAG File Processing Stats

File Path                     PID    Runtime      # DAGs    # Errors  Last Runtime    Last Run
----------------------------  -----  ---------  --------  ----------  --------------  -------------------
/opt/airflow/dags/pg2es.py                             1           0  0.61s           2023-09-26T07:31:36
/opt/airflow/dags/test_es.py                           1           0  0.64s           2023-09-26T07:31:20
================================================================================
[2023-09-26T07:32:16.428+0000] {manager.py:828} INFO - 
================================================================================
DAG File Processing Stats

File Path                     PID    Runtime      # DAGs    # Errors  Last Runtime    Last Run
----------------------------  -----  ---------  --------  ----------  --------------  -------------------
/opt/airflow/dags/pg2es.py                             1           0  0.62s           2023-09-26T07:32:07
/opt/airflow/dags/test_es.py                           1           0  0.65s           2023-09-26T07:31:51
================================================================================
[2023-09-26T07:32:46.519+0000] {manager.py:828} INFO - 
================================================================================
DAG File Processing Stats

File Path                     PID    Runtime      # DAGs    # Errors  Last Runtime    Last Run
----------------------------  -----  ---------  --------  ----------  --------------  -------------------
/opt/airflow/dags/pg2es.py                             1           0  0.58s           2023-09-26T07:32:38
/opt/airflow/dags/test_es.py                           1           0  0.63s           2023-09-26T07:32:22
================================================================================
[2023-09-26T07:33:16.994+0000] {manager.py:828} INFO - 
================================================================================
DAG File Processing Stats

File Path                     PID    Runtime      # DAGs    # Errors  Last Runtime    Last Run
----------------------------  -----  ---------  --------  ----------  --------------  -------------------
/opt/airflow/dags/pg2es.py                             1           0  0.60s           2023-09-26T07:33:09
/opt/airflow/dags/test_es.py                           1           0  0.59s           2023-09-26T07:32:52
================================================================================
[2023-09-26T07:33:47.125+0000] {manager.py:828} INFO - 
================================================================================
DAG File Processing Stats

File Path                     PID    Runtime      # DAGs    # Errors  Last Runtime    Last Run
----------------------------  -----  ---------  --------  ----------  --------------  -------------------
/opt/airflow/dags/pg2es.py                             1           0  0.64s           2023-09-26T07:33:40
/opt/airflow/dags/test_es.py                           1           0  0.60s           2023-09-26T07:33:23
================================================================================
[2023-09-26T07:34:17.472+0000] {manager.py:828} INFO - 
================================================================================
DAG File Processing Stats

File Path                     PID    Runtime      # DAGs    # Errors  Last Runtime    Last Run
----------------------------  -----  ---------  --------  ----------  --------------  -------------------
/opt/airflow/dags/pg2es.py                             1           0  0.61s           2023-09-26T07:34:10
/opt/airflow/dags/test_es.py                           1           0  0.57s           2023-09-26T07:33:54
================================================================================
[2023-09-26T07:34:47.717+0000] {manager.py:828} INFO - 
================================================================================
DAG File Processing Stats

File Path                     PID    Runtime      # DAGs    # Errors  Last Runtime    Last Run
----------------------------  -----  ---------  --------  ----------  --------------  -------------------
/opt/airflow/dags/pg2es.py                             1           0  0.60s           2023-09-26T07:34:41
/opt/airflow/dags/test_es.py                           1           0  0.61s           2023-09-26T07:34:25
================================================================================
[2023-09-26T07:35:17.960+0000] {manager.py:828} INFO - 
================================================================================
DAG File Processing Stats

File Path                     PID    Runtime      # DAGs    # Errors  Last Runtime    Last Run
----------------------------  -----  ---------  --------  ----------  --------------  -------------------
/opt/airflow/dags/pg2es.py                             1           0  0.62s           2023-09-26T07:35:12
/opt/airflow/dags/test_es.py                           1           0  0.55s           2023-09-26T07:34:55
================================================================================
[2023-09-26T07:35:27.583+0000] {manager.py:709} INFO - Searching for files in /opt/airflow/dags
[2023-09-26T07:35:27.626+0000] {manager.py:712} INFO - There are 2 files in /opt/airflow/dags
[2023-09-26T07:35:48.399+0000] {manager.py:828} INFO - 
================================================================================
DAG File Processing Stats

File Path                     PID    Runtime      # DAGs    # Errors  Last Runtime    Last Run
----------------------------  -----  ---------  --------  ----------  --------------  -------------------
/opt/airflow/dags/pg2es.py                             1           0  0.61s           2023-09-26T07:35:43
/opt/airflow/dags/test_es.py                           1           0  0.59s           2023-09-26T07:35:26
================================================================================
[2023-09-26T07:36:18.981+0000] {manager.py:828} INFO - 
================================================================================
DAG File Processing Stats

File Path                     PID    Runtime      # DAGs    # Errors  Last Runtime    Last Run
----------------------------  -----  ---------  --------  ----------  --------------  -------------------
/opt/airflow/dags/pg2es.py                             1           0  0.66s           2023-09-26T07:36:14
/opt/airflow/dags/test_es.py                           1           0  0.58s           2023-09-26T07:35:57
================================================================================
[2023-09-26T07:36:49.012+0000] {manager.py:828} INFO - 
================================================================================
DAG File Processing Stats

File Path                     PID    Runtime      # DAGs    # Errors  Last Runtime    Last Run
----------------------------  -----  ---------  --------  ----------  --------------  -------------------
/opt/airflow/dags/pg2es.py                             1           0  0.61s           2023-09-26T07:36:44
/opt/airflow/dags/test_es.py                           1           0  0.61s           2023-09-26T07:36:28
================================================================================
[2023-09-26T07:37:19.485+0000] {manager.py:828} INFO - 
================================================================================
DAG File Processing Stats

File Path                     PID    Runtime      # DAGs    # Errors  Last Runtime    Last Run
----------------------------  -----  ---------  --------  ----------  --------------  -------------------
/opt/airflow/dags/pg2es.py                             1           0  0.61s           2023-09-26T07:37:15
/opt/airflow/dags/test_es.py                           1           0  0.59s           2023-09-26T07:36:59
================================================================================
[2023-09-26T07:37:49.653+0000] {manager.py:828} INFO - 
================================================================================
DAG File Processing Stats

File Path                     PID    Runtime      # DAGs    # Errors  Last Runtime    Last Run
----------------------------  -----  ---------  --------  ----------  --------------  -------------------
/opt/airflow/dags/pg2es.py                             1           0  0.62s           2023-09-26T07:37:46
/opt/airflow/dags/test_es.py                           1           0  0.55s           2023-09-26T07:37:30
================================================================================
[2023-09-26T07:38:19.989+0000] {manager.py:828} INFO - 
================================================================================
DAG File Processing Stats

File Path                     PID    Runtime      # DAGs    # Errors  Last Runtime    Last Run
----------------------------  -----  ---------  --------  ----------  --------------  -------------------
/opt/airflow/dags/pg2es.py                             1           0  0.60s           2023-09-26T07:38:17
/opt/airflow/dags/test_es.py                           1           0  0.60s           2023-09-26T07:38:00
================================================================================
[2023-09-26T07:38:50.289+0000] {manager.py:828} INFO - 
================================================================================
DAG File Processing Stats

File Path                     PID    Runtime      # DAGs    # Errors  Last Runtime    Last Run
----------------------------  -----  ---------  --------  ----------  --------------  -------------------
/opt/airflow/dags/pg2es.py                             1           0  0.62s           2023-09-26T07:38:48
/opt/airflow/dags/test_es.py                           1           0  0.57s           2023-09-26T07:38:31
================================================================================
[2023-09-26T07:39:20.948+0000] {manager.py:828} INFO - 
================================================================================
DAG File Processing Stats

File Path                     PID    Runtime      # DAGs    # Errors  Last Runtime    Last Run
----------------------------  -----  ---------  --------  ----------  --------------  -------------------
/opt/airflow/dags/pg2es.py                             1           0  0.68s           2023-09-26T07:39:19
/opt/airflow/dags/test_es.py                           1           0  0.60s           2023-09-26T07:39:02
================================================================================
[2023-09-26T07:39:51.039+0000] {manager.py:828} INFO - 
================================================================================
DAG File Processing Stats

File Path                     PID    Runtime      # DAGs    # Errors  Last Runtime    Last Run
----------------------------  -----  ---------  --------  ----------  --------------  -------------------
/opt/airflow/dags/pg2es.py                             1           0  0.64s           2023-09-26T07:39:50
/opt/airflow/dags/test_es.py                           1           0  0.64s           2023-09-26T07:39:33
================================================================================
[2023-09-26T07:40:21.707+0000] {manager.py:828} INFO - 
================================================================================
DAG File Processing Stats

File Path                     PID    Runtime      # DAGs    # Errors  Last Runtime    Last Run
----------------------------  -----  ---------  --------  ----------  --------------  -------------------
/opt/airflow/dags/pg2es.py                             1           0  0.66s           2023-09-26T07:40:20
/opt/airflow/dags/test_es.py                           1           0  0.66s           2023-09-26T07:40:04
================================================================================
[2023-09-26T07:40:27.769+0000] {manager.py:709} INFO - Searching for files in /opt/airflow/dags
[2023-09-26T07:40:27.832+0000] {manager.py:712} INFO - There are 2 files in /opt/airflow/dags
[2023-09-26T07:40:51.856+0000] {manager.py:828} INFO - 
================================================================================
DAG File Processing Stats

File Path                     PID    Runtime      # DAGs    # Errors  Last Runtime    Last Run
----------------------------  -----  ---------  --------  ----------  --------------  -------------------
/opt/airflow/dags/pg2es.py                             1           0  0.63s           2023-09-26T07:40:51
/opt/airflow/dags/test_es.py                           1           0  0.53s           2023-09-26T07:40:35
================================================================================
[2023-09-26T07:41:22.163+0000] {manager.py:828} INFO - 
================================================================================
DAG File Processing Stats

File Path                       PID  Runtime      # DAGs    # Errors  Last Runtime    Last Run
----------------------------  -----  ---------  --------  ----------  --------------  -------------------
/opt/airflow/dags/pg2es.py     1100  0.04s             1           0  0.63s           2023-09-26T07:40:51
/opt/airflow/dags/test_es.py                           1           0  0.65s           2023-09-26T07:41:06
================================================================================
[2023-09-26T07:41:53.088+0000] {manager.py:828} INFO - 
================================================================================
DAG File Processing Stats

File Path                       PID  Runtime      # DAGs    # Errors  Last Runtime    Last Run
----------------------------  -----  ---------  --------  ----------  --------------  -------------------
/opt/airflow/dags/pg2es.py     1112  0.04s             1           0  0.67s           2023-09-26T07:41:22
/opt/airflow/dags/test_es.py                           1           0  0.60s           2023-09-26T07:41:37
================================================================================
[2023-09-26T07:42:23.923+0000] {manager.py:828} INFO - 
================================================================================
DAG File Processing Stats

File Path                       PID  Runtime      # DAGs    # Errors  Last Runtime    Last Run
----------------------------  -----  ---------  --------  ----------  --------------  -------------------
/opt/airflow/dags/pg2es.py     1124  0.05s             1           0  0.61s           2023-09-26T07:41:53
/opt/airflow/dags/test_es.py                           1           0  0.66s           2023-09-26T07:42:07
================================================================================
[2023-09-26T07:48:00.296+0000] {manager.py:709} INFO - Searching for files in /opt/airflow/dags
[2023-09-26T07:48:00.329+0000] {manager.py:712} INFO - There are 2 files in /opt/airflow/dags
[2023-09-26T07:48:02.362+0000] {manager.py:828} INFO - 
================================================================================
DAG File Processing Stats

File Path                       PID  Runtime      # DAGs    # Errors  Last Runtime    Last Run
----------------------------  -----  ---------  --------  ----------  --------------  -------------------
/opt/airflow/dags/pg2es.py                             1           0  1.99s           2023-09-26T07:48:02
/opt/airflow/dags/test_es.py   1136  2.01s             1           0  3.51s           2023-09-26T07:42:41
================================================================================
[2023-09-26T07:48:32.645+0000] {manager.py:828} INFO - 
================================================================================
DAG File Processing Stats

File Path                       PID  Runtime      # DAGs    # Errors  Last Runtime    Last Run
----------------------------  -----  ---------  --------  ----------  --------------  -------------------
/opt/airflow/dags/pg2es.py     1151  0.01s             1           0  1.99s           2023-09-26T07:48:02
/opt/airflow/dags/test_es.py   1150  0.06s             1           0  2.02s           2023-09-26T07:48:02
================================================================================
[2023-09-26T07:49:02.784+0000] {manager.py:828} INFO - 
================================================================================
DAG File Processing Stats

File Path                     PID    Runtime      # DAGs    # Errors  Last Runtime    Last Run
----------------------------  -----  ---------  --------  ----------  --------------  -------------------
/opt/airflow/dags/pg2es.py                             1           0  0.72s           2023-09-26T07:48:33
/opt/airflow/dags/test_es.py                           1           0  0.78s           2023-09-26T07:48:33
================================================================================
[2023-09-26T07:49:32.926+0000] {manager.py:828} INFO - 
================================================================================
DAG File Processing Stats

File Path                     PID    Runtime      # DAGs    # Errors  Last Runtime    Last Run
----------------------------  -----  ---------  --------  ----------  --------------  -------------------
/opt/airflow/dags/pg2es.py                             1           0  0.93s           2023-09-26T07:49:04
/opt/airflow/dags/test_es.py                           1           0  0.97s           2023-09-26T07:49:04
================================================================================
[2023-09-26T07:50:03.065+0000] {manager.py:828} INFO - 
================================================================================
DAG File Processing Stats

File Path                     PID    Runtime      # DAGs    # Errors  Last Runtime    Last Run
----------------------------  -----  ---------  --------  ----------  --------------  -------------------
/opt/airflow/dags/pg2es.py                             1           0  0.86s           2023-09-26T07:49:35
/opt/airflow/dags/test_es.py                           1           0  0.90s           2023-09-26T07:49:35
================================================================================
[2023-09-26T07:50:33.186+0000] {manager.py:828} INFO - 
================================================================================
DAG File Processing Stats

File Path                     PID    Runtime      # DAGs    # Errors  Last Runtime    Last Run
----------------------------  -----  ---------  --------  ----------  --------------  -------------------
/opt/airflow/dags/pg2es.py                             1           0  0.74s           2023-09-26T07:50:06
/opt/airflow/dags/test_es.py                           1           0  0.79s           2023-09-26T07:50:06
================================================================================
[2023-09-26T07:51:03.368+0000] {manager.py:828} INFO - 
================================================================================
DAG File Processing Stats

File Path                     PID    Runtime      # DAGs    # Errors  Last Runtime    Last Run
----------------------------  -----  ---------  --------  ----------  --------------  -------------------
/opt/airflow/dags/pg2es.py                             1           0  0.88s           2023-09-26T07:50:37
/opt/airflow/dags/test_es.py                           1           0  0.92s           2023-09-26T07:50:37
================================================================================
[2023-09-26T07:51:33.574+0000] {manager.py:828} INFO - 
================================================================================
DAG File Processing Stats

File Path                     PID    Runtime      # DAGs    # Errors  Last Runtime    Last Run
----------------------------  -----  ---------  --------  ----------  --------------  -------------------
/opt/airflow/dags/pg2es.py                             1           0  0.80s           2023-09-26T07:51:23
/opt/airflow/dags/test_es.py                           1           0  0.81s           2023-09-26T07:51:08
================================================================================
[2023-09-26T07:52:04.481+0000] {manager.py:828} INFO - 
================================================================================
DAG File Processing Stats

File Path                     PID    Runtime      # DAGs    # Errors  Last Runtime    Last Run
----------------------------  -----  ---------  --------  ----------  --------------  -------------------
/opt/airflow/dags/pg2es.py                             1           0  0.67s           2023-09-26T07:51:54
/opt/airflow/dags/test_es.py                           1           0  0.73s           2023-09-26T07:51:40
================================================================================
[2023-09-26T07:52:34.733+0000] {manager.py:828} INFO - 
================================================================================
DAG File Processing Stats

File Path                     PID    Runtime      # DAGs    # Errors  Last Runtime    Last Run
----------------------------  -----  ---------  --------  ----------  --------------  -------------------
/opt/airflow/dags/pg2es.py                             1           0  0.66s           2023-09-26T07:52:25
/opt/airflow/dags/test_es.py                           1           0  0.69s           2023-09-26T07:52:11
================================================================================
[2023-09-26T07:53:00.467+0000] {manager.py:709} INFO - Searching for files in /opt/airflow/dags
[2023-09-26T07:53:00.529+0000] {manager.py:712} INFO - There are 2 files in /opt/airflow/dags
[2023-09-26T07:53:05.231+0000] {manager.py:828} INFO - 
================================================================================
DAG File Processing Stats

File Path                     PID    Runtime      # DAGs    # Errors  Last Runtime    Last Run
----------------------------  -----  ---------  --------  ----------  --------------  -------------------
/opt/airflow/dags/pg2es.py                             1           0  0.58s           2023-09-26T07:52:56
/opt/airflow/dags/test_es.py                           1           0  0.73s           2023-09-26T07:52:42
================================================================================
[2023-09-26T07:53:35.372+0000] {manager.py:828} INFO - 
================================================================================
DAG File Processing Stats

File Path                     PID    Runtime      # DAGs    # Errors  Last Runtime    Last Run
----------------------------  -----  ---------  --------  ----------  --------------  -------------------
/opt/airflow/dags/pg2es.py                             1           0  0.64s           2023-09-26T07:53:27
/opt/airflow/dags/test_es.py                           1           0  0.68s           2023-09-26T07:53:12
================================================================================
[2023-09-26T07:54:05.809+0000] {manager.py:828} INFO - 
================================================================================
DAG File Processing Stats

File Path                     PID    Runtime      # DAGs    # Errors  Last Runtime    Last Run
----------------------------  -----  ---------  --------  ----------  --------------  -------------------
/opt/airflow/dags/pg2es.py                             1           0  0.56s           2023-09-26T07:53:58
/opt/airflow/dags/test_es.py                           1           0  0.61s           2023-09-26T07:53:43
================================================================================
[2023-09-26T07:54:35.825+0000] {manager.py:828} INFO - 
================================================================================
DAG File Processing Stats

File Path                     PID    Runtime      # DAGs    # Errors  Last Runtime    Last Run
----------------------------  -----  ---------  --------  ----------  --------------  -------------------
/opt/airflow/dags/pg2es.py                             1           0  0.62s           2023-09-26T07:54:28
/opt/airflow/dags/test_es.py                           1           0  0.62s           2023-09-26T07:54:14
================================================================================
[2023-09-26T07:55:06.452+0000] {manager.py:828} INFO - 
================================================================================
DAG File Processing Stats

File Path                     PID    Runtime      # DAGs    # Errors  Last Runtime    Last Run
----------------------------  -----  ---------  --------  ----------  --------------  -------------------
/opt/airflow/dags/pg2es.py                             1           0  0.58s           2023-09-26T07:54:59
/opt/airflow/dags/test_es.py                           1           0  0.68s           2023-09-26T07:54:45
================================================================================
[2023-09-26T07:55:37.211+0000] {manager.py:828} INFO - 
================================================================================
DAG File Processing Stats

File Path                     PID    Runtime      # DAGs    # Errors  Last Runtime    Last Run
----------------------------  -----  ---------  --------  ----------  --------------  -------------------
/opt/airflow/dags/pg2es.py                             1           0  0.60s           2023-09-26T07:55:30
/opt/airflow/dags/test_es.py                           1           0  0.57s           2023-09-26T07:55:16
================================================================================
[2023-09-26T07:56:07.988+0000] {manager.py:828} INFO - 
================================================================================
DAG File Processing Stats

File Path                     PID    Runtime      # DAGs    # Errors  Last Runtime    Last Run
----------------------------  -----  ---------  --------  ----------  --------------  -------------------
/opt/airflow/dags/pg2es.py                             1           0  0.55s           2023-09-26T07:56:00
/opt/airflow/dags/test_es.py                           1           0  0.60s           2023-09-26T07:55:46
================================================================================
[2023-09-26T07:56:38.705+0000] {manager.py:828} INFO - 
================================================================================
DAG File Processing Stats

File Path                     PID    Runtime      # DAGs    # Errors  Last Runtime    Last Run
----------------------------  -----  ---------  --------  ----------  --------------  -------------------
/opt/airflow/dags/pg2es.py                             1           0  0.59s           2023-09-26T07:56:31
/opt/airflow/dags/test_es.py                           1           0  0.55s           2023-09-26T07:56:17
================================================================================
[2023-09-26T07:57:09.475+0000] {manager.py:828} INFO - 
================================================================================
DAG File Processing Stats

File Path                     PID    Runtime      # DAGs    # Errors  Last Runtime    Last Run
----------------------------  -----  ---------  --------  ----------  --------------  -------------------
/opt/airflow/dags/pg2es.py                             1           0  0.68s           2023-09-26T07:57:02
/opt/airflow/dags/test_es.py                           1           0  0.58s           2023-09-26T07:56:48
================================================================================
[2023-09-26T07:57:40.312+0000] {manager.py:828} INFO - 
================================================================================
DAG File Processing Stats

File Path                     PID    Runtime      # DAGs    # Errors  Last Runtime    Last Run
----------------------------  -----  ---------  --------  ----------  --------------  -------------------
/opt/airflow/dags/pg2es.py                             1           0  0.64s           2023-09-26T07:57:33
/opt/airflow/dags/test_es.py                           1           0  0.67s           2023-09-26T07:57:19
================================================================================
[2023-09-26T07:58:00.477+0000] {manager.py:709} INFO - Searching for files in /opt/airflow/dags
[2023-09-26T07:58:00.553+0000] {manager.py:712} INFO - There are 2 files in /opt/airflow/dags
[2023-09-26T07:58:11.007+0000] {manager.py:828} INFO - 
================================================================================
DAG File Processing Stats

File Path                     PID    Runtime      # DAGs    # Errors  Last Runtime    Last Run
----------------------------  -----  ---------  --------  ----------  --------------  -------------------
/opt/airflow/dags/pg2es.py                             1           0  0.61s           2023-09-26T07:58:04
/opt/airflow/dags/test_es.py                           1           0  1.52s           2023-09-26T07:57:50
================================================================================
[2023-09-26T07:58:41.296+0000] {manager.py:828} INFO - 
================================================================================
DAG File Processing Stats

File Path                     PID    Runtime      # DAGs    # Errors  Last Runtime    Last Run
----------------------------  -----  ---------  --------  ----------  --------------  -------------------
/opt/airflow/dags/pg2es.py                             1           0  0.66s           2023-09-26T07:58:35
/opt/airflow/dags/test_es.py                           1           0  0.62s           2023-09-26T07:58:21
================================================================================
[2023-09-26T07:59:11.509+0000] {manager.py:828} INFO - 
================================================================================
DAG File Processing Stats

File Path                     PID    Runtime      # DAGs    # Errors  Last Runtime    Last Run
----------------------------  -----  ---------  --------  ----------  --------------  -------------------
/opt/airflow/dags/pg2es.py                             1           0  0.59s           2023-09-26T07:59:05
/opt/airflow/dags/test_es.py                           1           0  0.59s           2023-09-26T07:58:52
================================================================================
[2023-09-26T07:59:19.940+0000] {manager.py:462} INFO - Exiting gracefully upon receiving signal 15
